put 190 9680
put 191 9680
put 192 9680
put 193 9680
put 194 9680
put 195 9680
put 196 9680
put 197 9680
put 198 9680
put 199 9680
put 200 9680
put 201 9680
put 202 9680
put 203 9680
put 204 9680
put 205 9680
put 206 9680
put 207 9680
put 208 9680
put 209 9680
put 210 9680
put 211 9680
put 212 9680
put 213 9680
put 214 9680
put 215 9680
put 216 9680
put 217 9680
put 218 9680
put 219 9680
put 220 9680
put 221 9680
put 222 9680
put 223 9680
put 224 9680
put 225 9680
put 226 9680
put 227 9680
put 228 9680
put 229 9680
put 230 9680
put 231 9680
put 232 9680
put 233 9680
put 234 9680
put 235 9680
put 236 9680
put 237 9680
put 238 9680
put 239 9680
put 240 9680
put 241 9680
put 242 9680
put 243 9680
put 244 9680
put 245 9680
put 246 9680
put 247 9680
put 248 9680
put 249 9680
put 250 9680
put 251 9680
put 252 9680
put 253 9680
put 254 9680
put 255 9680
put 256 9680
put 257 9680
put 258 9680
put 259 9680
put 260 9680
put 261 9680
put 262 9680
put 263 9680
put 264 9680
put 265 9680
put 266 9680
put 267 9680
put 268 9680
put 269 9680
put 270 9680
put 271 9680
put 272 9680
put 273 9680
put 274 9680
put 275 9680
put 276 9680
put 277 9680
put 278 9680
put 279 9680
put 280 9680
put 281 9680
put 282 9680
put 283 9680
put 284 9680
put 285 9680
put 286 9680
put 287 9680
put 288 9680
put 289 9680
put 290 9680
put 291 9680
put 292 9680
put 293 9680
put 294 9680
put 295 9680
put 296 9680
put 297 9680
put 298 9680
put 299 9680
put 300 9680
put 301 9680
put 302 9680
put 303 9680
put 304 9680
put 305 9680
put 306 9680
put 307 9680
put 308 9680
put 309 9680
put 310 9680
put 311 9680
put 312 9680
put 313 9680
put 314 9680
put 315 9680
put 316 9680
put 317 9680
put 318 9680
put 319 9680
put 320 9680
put 321 9680
put 322 9680
put 323 9680
put 324 9680
put 325 9680
put 326 9680
put 327 9680
put 328 9680
put 329 9680
put 1 12086
put 2 12086
put 3 12086
put 4 12086
put 5 12086
put 6 12086
put 7 12086
put 8 12086
put 9 12086
put 10 12086
put 11 12086
put 12 12086
put 13 12086
put 14 12086
put 15 12086
put 16 12086
